<?xml version="1.0" encoding="UTF-8"?>
<!-- Generated by org.testng.reporters.JUnitReportReporter -->
<testsuite skipped="0" hostname="LPPF1NY4W5" name="MyRunner.TestRunner" tests="1" failures="0" timestamp="2023-05-15T21:39:44 IST" time="0.047" errors="0">
  <testcase name="feature" time="0.047" classname="MyRunner.TestRunner"/>
</testsuite> <!-- MyRunner.TestRunner -->
